<?xml version="1.0" encoding="UTF-8"?>
<!-- Generated by org.testng.reporters.JUnitReportReporter -->
<testsuite hostname="INBook_X1" failures="0" tests="1" name="scripts.demo" time="0.008" errors="0" timestamp="2024-08-14T14:29:54 IST" skipped="0">
  <testcase classname="scripts.demo" name="reverse" time="0.008"/>
  <system-out/>
</testsuite> <!-- scripts.demo -->
